Using pre-set license
Built from '2020.3/staging' branch; Version is '2020.3.13f1 (71691879b7f5) revision 7432472'; Using compiler version '192528614'; Build Type 'Release'
OS: 'Windows 10 Home; OS build 19042.1288; Version 2009; 64bit' Language: 'en' Physical Memory: 15741 MB
BatchMode: 1, IsHumanControllingUs: 0, StartBugReporterOnCrash: 0, Is64bit: 1, IsPro: 0

 COMMAND LINE ARGUMENTS:
C:\Program Files\Unity\Hub\Editor\2020.3.13f1\Editor\Unity.exe
-adb2
-batchMode
-noUpm
-name
AssetImportWorker0
-projectPath
D:/dev/szakdoga/szakdoga_unity
-logFile
Logs/AssetImportWorker0.log
-srvPort
58641
Successfully changed project path to: D:/dev/szakdoga/szakdoga_unity
D:/dev/szakdoga/szakdoga_unity
Using Asset Import Pipeline V2.
Assets/models/nut_and_bolt/Bolt and Nut.c4d: Unity no longer supports importing Cinema 4D files directly, but we're working with Maxon to make the experience better. To import Cinema 4D files, install Maxon's external importer. You can find more information on the Unity Forum: https://on.unity.com/c4d.

Please note that FBX files exported from Cinema4D are still supported.

Assets/models/screwdriver/Screwdriver.c4d: Unity no longer supports importing Cinema 4D files directly, but we're working with Maxon to make the experience better. To import Cinema 4D files, install Maxon's external importer. You can find more information on the Unity Forum: https://on.unity.com/c4d.

Please note that FBX files exported from Cinema4D are still supported.

Refreshing native plugins compatible for Editor in 75.75 ms, found 6 plugins.
Preloading 1 native plugins for Editor in 0.80 ms.
Initialize engine version: 2020.3.13f1 (71691879b7f5)
[Subsystems] Discovering subsystems at path C:/Program Files/Unity/Hub/Editor/2020.3.13f1/Editor/Data/Resources/UnitySubsystems
[Subsystems] Discovering subsystems at path D:/dev/szakdoga/szakdoga_unity/Assets
GfxDevice: creating device client; threaded=0
Direct3D:
    Version:  Direct3D 11.0 [level 11.1]
    Renderer: NVIDIA GeForce GTX 1650 Ti (ID=0x1f95)
    Vendor:   
    VRAM:     3962 MB
    Driver:   30.0.14.9649
Shader 'Oculus/OVRMRCameraFrameLit': fallback shader 'Alpha-Diffuse' not found
Initialize mono
Mono path[0] = 'C:/Program Files/Unity/Hub/Editor/2020.3.13f1/Editor/Data/Managed'
Mono path[1] = 'C:/Program Files/Unity/Hub/Editor/2020.3.13f1/Editor/Data/MonoBleedingEdge/lib/mono/unityjit'
Mono config path = 'C:/Program Files/Unity/Hub/Editor/2020.3.13f1/Editor/Data/MonoBleedingEdge/etc'
Using monoOptions --debugger-agent=transport=dt_socket,embedding=1,server=y,suspend=n,address=127.0.0.1:56420
Begin MonoManager ReloadAssembly
Registering precompiled unity dll's ...
Register platform support module: C:/Program Files/Unity/Hub/Editor/2020.3.13f1/Editor/Data/PlaybackEngines/WindowsStandaloneSupport/UnityEditor.WindowsStandalone.Extensions.dll
Registered in 0.002553 seconds.
Native extension for WindowsStandalone target not found
Assets/models/nut_and_bolt/Bolt and Nut.c4d: Unity no longer supports importing Cinema 4D files directly, but we're working with Maxon to make the experience better. To import Cinema 4D files, install Maxon's external importer. You can find more information on the Unity Forum: https://on.unity.com/c4d.

Please note that FBX files exported from Cinema4D are still supported.

Assets/models/screwdriver/Screwdriver.c4d: Unity no longer supports importing Cinema 4D files directly, but we're working with Maxon to make the experience better. To import Cinema 4D files, install Maxon's external importer. You can find more information on the Unity Forum: https://on.unity.com/c4d.

Please note that FBX files exported from Cinema4D are still supported.

Refreshing native plugins compatible for Editor in 66.92 ms, found 6 plugins.
Preloading 1 native plugins for Editor in 0.06 ms.
Mono: successfully reloaded assembly
- Completed reload, in  1.203 seconds
Platform modules already initialized, skipping
Registering precompiled user dll's ...
Registered in 0.005357 seconds.
Begin MonoManager ReloadAssembly
Native extension for WindowsStandalone target not found
Refreshing native plugins compatible for Editor in 1.40 ms, found 6 plugins.
Preloading 1 native plugins for Editor in 0.08 ms.
[XR] OculusXRPlugin: registering subsystems
[XR] Unable to register display lifecyle provider: [1]
[XR] Oculus Input lifecycle provider registered.
[XR] Unable to register input lifecyle provider: [1]
[XR] OVRP version 1.61.0
Mono: successfully reloaded assembly
- Completed reload, in  1.232 seconds
Platform modules already initialized, skipping
Assets/models/nut_and_bolt/Bolt and Nut.c4d: Unity no longer supports importing Cinema 4D files directly, but we're working with Maxon to make the experience better. To import Cinema 4D files, install Maxon's external importer. You can find more information on the Unity Forum: https://on.unity.com/c4d.

Please note that FBX files exported from Cinema4D are still supported.

Assets/models/screwdriver/Screwdriver.c4d: Unity no longer supports importing Cinema 4D files directly, but we're working with Maxon to make the experience better. To import Cinema 4D files, install Maxon's external importer. You can find more information on the Unity Forum: https://on.unity.com/c4d.

Please note that FBX files exported from Cinema4D are still supported.

========================================================================
Worker process is ready to serve import requests
Assets/models/nut_and_bolt/Bolt and Nut.c4d: Unity no longer supports importing Cinema 4D files directly, but we're working with Maxon to make the experience better. To import Cinema 4D files, install Maxon's external importer. You can find more information on the Unity Forum: https://on.unity.com/c4d.

Please note that FBX files exported from Cinema4D are still supported.

Assets/models/screwdriver/Screwdriver.c4d: Unity no longer supports importing Cinema 4D files directly, but we're working with Maxon to make the experience better. To import Cinema 4D files, install Maxon's external importer. You can find more information on the Unity Forum: https://on.unity.com/c4d.

Please note that FBX files exported from Cinema4D are still supported.

Shader 'Oculus/OVRMRCameraFrameLit': fallback shader 'Alpha-Diffuse' not found
Launched and connected shader compiler UnityShaderCompiler.exe after 0.06 seconds
Refreshing native plugins compatible for Editor in 0.90 ms, found 6 plugins.
Preloading 1 native plugins for Editor in 0.07 ms.
Unloading 2051 Unused Serialized files (Serialized files now loaded: 0)
System memory in use before: 101.9 MB.
System memory in use after: 101.9 MB.

Unloading 44 unused Assets to reduce memory usage. Loaded Objects now: 2471.
Total: 2.772700 ms (FindLiveObjects: 0.243900 ms CreateObjectMapping: 0.059400 ms MarkObjects: 2.343400 ms  DeleteObjects: 0.124300 ms)

AssetImportParameters requested are different than current active one (requested -> active):
  custom:framework-win-MediaFoundation: 216162199b28c13a410421893ffa2e32 -> 
  custom:video-decoder-ogg-theora: a1e56fd34408186e4bbccfd4996cb3dc -> 
  custom:container-muxer-webm: aa71ff27fc2769a1b78a27578f13a17b -> 
  custom:container-demuxer-webm: 4f35f7cbe854078d1ac9338744f61a02 -> 
  custom:container-demuxer-ogg: 62fdf1f143b41e24485cea50d1cbac27 -> 
  custom:video-encoder-webm-vp8: eb34c28f22e8b96e1ab97ce403110664 -> 
  custom:video-codec-MediaFoundation-h265: 746d11721c4dcdbdad8f713fa42b33f4 -> 
  custom:video-decoder-webm-vp8: 9c59270c3fd7afecdb556c50c9e8de78 -> 
  custom:audio-decoder-ogg-vorbis: bf7c407c2cedff20999df2af8eb42d56 -> 
  custom:audio-encoder-webm-vorbis: bf7c407c2cedff20999df2af8eb42d56 -> 
========================================================================
Received Import Request.
  path: Assets/Simple Garage/Prefabs/Big shelf.prefab
  artifactKey: Guid(ba1db479a16cd0b44b996dec67002477) Importer(815301076,1909f56bfc062723c751e8b465ee728b)
Start importing Assets/Simple Garage/Prefabs/Big shelf.prefab using Guid(ba1db479a16cd0b44b996dec67002477) Importer(815301076,1909f56bfc062723c751e8b465ee728b)  -> (artifact id: '1acfe6e4969c1d9d53e2cc61b6f8cbc1') in 0.182242 seconds 
  Import took 0.188580 seconds .

========================================================================
Received Import Request.
  Time since last request: 5.680701 seconds.
  path: Assets/Simple Garage/Models/Big shelf.fbx
  artifactKey: Guid(d7d3fa1e450020e42b694021662529cc) Importer(815301076,1909f56bfc062723c751e8b465ee728b)
Start importing Assets/Simple Garage/Models/Big shelf.fbx using Guid(d7d3fa1e450020e42b694021662529cc) Importer(815301076,1909f56bfc062723c751e8b465ee728b)  -> (artifact id: '915169b6922a92d44c14b5add03faf19') in 0.172831 seconds 
  Import took 0.176894 seconds .

========================================================================
Received Import Request.
  Time since last request: 23.738552 seconds.
  path: Assets/models/SciFi Warehouse Kit/Art/Meshes/Props/Shelves/Shelves.fbx
  artifactKey: Guid(5d640b36265eadc4a87d38682a77f08e) Importer(815301076,1909f56bfc062723c751e8b465ee728b)
Start importing Assets/models/SciFi Warehouse Kit/Art/Meshes/Props/Shelves/Shelves.fbx using Guid(5d640b36265eadc4a87d38682a77f08e) Importer(815301076,1909f56bfc062723c751e8b465ee728b)  -> (artifact id: '5835046bc477f45b94033b916a1e1478') in 0.170999 seconds 
  Import took 0.175161 seconds .

========================================================================
Received Import Request.
  Time since last request: 4.874586 seconds.
  path: Assets/Simple Garage/Prefabs/Large corner shelf.prefab
  artifactKey: Guid(0c3e5b9824c9a8741b906445f1fb054b) Importer(815301076,1909f56bfc062723c751e8b465ee728b)
Start importing Assets/Simple Garage/Prefabs/Large corner shelf.prefab using Guid(0c3e5b9824c9a8741b906445f1fb054b) Importer(815301076,1909f56bfc062723c751e8b465ee728b)  -> (artifact id: '172c09ce2ebf549b46265268ef56e138') in 0.024719 seconds 
  Import took 0.028747 seconds .

========================================================================
Received Import Request.
  Time since last request: 2.985453 seconds.
  path: Assets/Simple Garage/Models/Shelf.fbx
  artifactKey: Guid(7316845734f527d4aaba29d50932acf5) Importer(815301076,1909f56bfc062723c751e8b465ee728b)
Start importing Assets/Simple Garage/Models/Shelf.fbx using Guid(7316845734f527d4aaba29d50932acf5) Importer(815301076,1909f56bfc062723c751e8b465ee728b)  -> (artifact id: '509aa21c847eca78f7b940a36b3aafe6') in 0.080906 seconds 
  Import took 0.084776 seconds .

========================================================================
Received Import Request.
  Time since last request: 9.919623 seconds.
  path: Assets/models/SciFi Warehouse Kit/Prefabs/Props/Shelves/Shelf Variation 01.prefab
  artifactKey: Guid(324f2a5232c3ab4488fe817c9ea94b63) Importer(815301076,1909f56bfc062723c751e8b465ee728b)
Start importing Assets/models/SciFi Warehouse Kit/Prefabs/Props/Shelves/Shelf Variation 01.prefab using Guid(324f2a5232c3ab4488fe817c9ea94b63) Importer(815301076,1909f56bfc062723c751e8b465ee728b)  -> (artifact id: '384102e8e5c9aedcd18380f21903ee69') in 0.108629 seconds 
  Import took 0.117672 seconds .

========================================================================
Received Import Request.
  Time since last request: 0.813304 seconds.
  path: Assets/models/SciFi Warehouse Kit/Prefabs/Props/Shelves/Shelf Variation 02.prefab
  artifactKey: Guid(5c1b535d3782bee49819656f221e56de) Importer(815301076,1909f56bfc062723c751e8b465ee728b)
Start importing Assets/models/SciFi Warehouse Kit/Prefabs/Props/Shelves/Shelf Variation 02.prefab using Guid(5c1b535d3782bee49819656f221e56de) Importer(815301076,1909f56bfc062723c751e8b465ee728b)  -> (artifact id: '823abc18052f0f7f033ed5a132e4cf18') in 0.073816 seconds 
  Import took 0.081539 seconds .

========================================================================
Received Import Request.
  Time since last request: 1.024772 seconds.
  path: Assets/models/SciFi Warehouse Kit/Prefabs/Props/Shelves/Shelf Variation 03.prefab
  artifactKey: Guid(78f2873840cccd046adee8782efa45fb) Importer(815301076,1909f56bfc062723c751e8b465ee728b)
Start importing Assets/models/SciFi Warehouse Kit/Prefabs/Props/Shelves/Shelf Variation 03.prefab using Guid(78f2873840cccd046adee8782efa45fb) Importer(815301076,1909f56bfc062723c751e8b465ee728b)  -> (artifact id: '2409918e64688db74aef9974d0fd72e8') in 0.077203 seconds 
  Import took 0.087537 seconds .

========================================================================
Received Import Request.
  Time since last request: 0.446258 seconds.
  path: Assets/models/SciFi Warehouse Kit/Prefabs/Props/Shelves/Shelf Variation 04.prefab
  artifactKey: Guid(5b83660a4c6176b41bfec1b7029c6597) Importer(815301076,1909f56bfc062723c751e8b465ee728b)
Start importing Assets/models/SciFi Warehouse Kit/Prefabs/Props/Shelves/Shelf Variation 04.prefab using Guid(5b83660a4c6176b41bfec1b7029c6597) Importer(815301076,1909f56bfc062723c751e8b465ee728b)  -> (artifact id: 'd1f517c059ea149d37cebdbfdc51e3c7') in 0.097712 seconds 
  Import took 0.104587 seconds .

========================================================================
Received Import Request.
  Time since last request: 0.550641 seconds.
  path: Assets/models/SciFi Warehouse Kit/Prefabs/Props/Shelves/Shelf Variation 05.prefab
  artifactKey: Guid(ce7e4bd04c6404147b4b1dc694ac9a00) Importer(815301076,1909f56bfc062723c751e8b465ee728b)
Start importing Assets/models/SciFi Warehouse Kit/Prefabs/Props/Shelves/Shelf Variation 05.prefab using Guid(ce7e4bd04c6404147b4b1dc694ac9a00) Importer(815301076,1909f56bfc062723c751e8b465ee728b)  -> (artifact id: '2b1a9e175ccb9b27feb7ceb674950e8a') in 0.085299 seconds 
  Import took 0.093256 seconds .

========================================================================
Received Import Request.
  Time since last request: 0.233661 seconds.
  path: Assets/models/SciFi Warehouse Kit/Prefabs/Props/Shelves/Shelf Variation 06.prefab
  artifactKey: Guid(cd855204aa12c124189ffacf02f440d2) Importer(815301076,1909f56bfc062723c751e8b465ee728b)
Start importing Assets/models/SciFi Warehouse Kit/Prefabs/Props/Shelves/Shelf Variation 06.prefab using Guid(cd855204aa12c124189ffacf02f440d2) Importer(815301076,1909f56bfc062723c751e8b465ee728b)  -> (artifact id: '9637e97a74ce2d5300e91791e570ff7e') in 0.066349 seconds 
  Import took 0.074130 seconds .

========================================================================
Received Import Request.
  Time since last request: 3.232147 seconds.
  path: Assets/Simple Garage/Prefabs/Shelf.prefab
  artifactKey: Guid(2ceeb8038d2f9a34287e3f566f08e1e4) Importer(815301076,1909f56bfc062723c751e8b465ee728b)
Start importing Assets/Simple Garage/Prefabs/Shelf.prefab using Guid(2ceeb8038d2f9a34287e3f566f08e1e4) Importer(815301076,1909f56bfc062723c751e8b465ee728b)  -> (artifact id: 'faa5e287aa3fca117a8fe906072c7a3f') in 0.021892 seconds 
  Import took 0.026083 seconds .

========================================================================
Received Import Request.
  Time since last request: 3.918561 seconds.
  path: Assets/Simple Garage/Models/Large corner shelf.fbx
  artifactKey: Guid(855de4ea21d5fe2428038de2e0d0371f) Importer(815301076,1909f56bfc062723c751e8b465ee728b)
Start importing Assets/Simple Garage/Models/Large corner shelf.fbx using Guid(855de4ea21d5fe2428038de2e0d0371f) Importer(815301076,1909f56bfc062723c751e8b465ee728b)  -> (artifact id: '73732bed519f249492d988c1987b5bcd') in 0.165294 seconds 
  Import took 0.169492 seconds .

========================================================================
Received Import Request.
  Time since last request: 115.398682 seconds.
  path: Assets/models/SciFi Warehouse Kit/Prefabs/Props/Crates Barrels Pallets/Crate Long.prefab
  artifactKey: Guid(e2fdcaac11701fe438724a8a8b3a76c5) Importer(815301076,1909f56bfc062723c751e8b465ee728b)
Start importing Assets/models/SciFi Warehouse Kit/Prefabs/Props/Crates Barrels Pallets/Crate Long.prefab using Guid(e2fdcaac11701fe438724a8a8b3a76c5) Importer(815301076,1909f56bfc062723c751e8b465ee728b)  -> (artifact id: 'ddca710287fd831296b01c20794c71a0') in 0.022352 seconds 
  Import took 0.026633 seconds .

========================================================================
Received Import Request.
  Time since last request: 4.831351 seconds.
  path: Assets/models/SciFi Warehouse Kit/Art/Meshes/Props/Crates Barrels Pallets/Crate Long.fbx
  artifactKey: Guid(e53378bffa67fba40888797a9016d1c4) Importer(815301076,1909f56bfc062723c751e8b465ee728b)
Start importing Assets/models/SciFi Warehouse Kit/Art/Meshes/Props/Crates Barrels Pallets/Crate Long.fbx using Guid(e53378bffa67fba40888797a9016d1c4) Importer(815301076,1909f56bfc062723c751e8b465ee728b)  -> (artifact id: 'cfe1468c9f3af87d351e6f6602975c91') in 0.118637 seconds 
  Import took 0.122368 seconds .

========================================================================
Received Import Request.
  Time since last request: 0.845552 seconds.
  path: Assets/models/SciFi Warehouse Kit/Art/Meshes/Props/Crates Barrels Pallets/Crate Short.fbx
  artifactKey: Guid(ce65141939545d440ac8591812208a12) Importer(815301076,1909f56bfc062723c751e8b465ee728b)
Start importing Assets/models/SciFi Warehouse Kit/Art/Meshes/Props/Crates Barrels Pallets/Crate Short.fbx using Guid(ce65141939545d440ac8591812208a12) Importer(815301076,1909f56bfc062723c751e8b465ee728b)  -> (artifact id: '852656b309cca247c23fc6963f409421') in 0.031535 seconds 
  Import took 0.036403 seconds .

========================================================================
Received Import Request.
  Time since last request: 0.016603 seconds.
  path: Assets/models/SciFi Warehouse Kit/Art/Meshes/Props/Crates Barrels Pallets/Crate Short.fbx
  artifactKey: Guid(ce65141939545d440ac8591812208a12) Importer(815301076,1909f56bfc062723c751e8b465ee728b)
Start importing Assets/models/SciFi Warehouse Kit/Art/Meshes/Props/Crates Barrels Pallets/Crate Short.fbx using Guid(ce65141939545d440ac8591812208a12) Importer(815301076,1909f56bfc062723c751e8b465ee728b)  -> (artifact id: '852656b309cca247c23fc6963f409421') in 0.023176 seconds 
  Import took 0.027311 seconds .

========================================================================
Received Import Request.
  Time since last request: 11.884287 seconds.
  path: Assets/models/SciFi Warehouse Kit/Art/Meshes/Props/Misc Props/Cart.fbx
  artifactKey: Guid(3200b0bd31ff3634b9425e04a691be13) Importer(815301076,1909f56bfc062723c751e8b465ee728b)
Start importing Assets/models/SciFi Warehouse Kit/Art/Meshes/Props/Misc Props/Cart.fbx using Guid(3200b0bd31ff3634b9425e04a691be13) Importer(815301076,1909f56bfc062723c751e8b465ee728b)  -> (artifact id: 'c9824146f92e61fdcbb247e8df14c2d6') in 0.027387 seconds 
  Import took 0.032111 seconds .

========================================================================
Received Import Request.
  Time since last request: 0.011467 seconds.
  path: Assets/models/SciFi Warehouse Kit/Art/Meshes/Props/Misc Props/Cart.fbx
  artifactKey: Guid(3200b0bd31ff3634b9425e04a691be13) Importer(815301076,1909f56bfc062723c751e8b465ee728b)
Start importing Assets/models/SciFi Warehouse Kit/Art/Meshes/Props/Misc Props/Cart.fbx using Guid(3200b0bd31ff3634b9425e04a691be13) Importer(815301076,1909f56bfc062723c751e8b465ee728b)  -> (artifact id: 'c9824146f92e61fdcbb247e8df14c2d6') in 0.079730 seconds 
  Import took 0.083466 seconds .

========================================================================
Received Prepare
Assets/models/nut_and_bolt/Bolt and Nut.c4d: Unity no longer supports importing Cinema 4D files directly, but we're working with Maxon to make the experience better. To import Cinema 4D files, install Maxon's external importer. You can find more information on the Unity Forum: https://on.unity.com/c4d.

Please note that FBX files exported from Cinema4D are still supported.

Assets/models/screwdriver/Screwdriver.c4d: Unity no longer supports importing Cinema 4D files directly, but we're working with Maxon to make the experience better. To import Cinema 4D files, install Maxon's external importer. You can find more information on the Unity Forum: https://on.unity.com/c4d.

Please note that FBX files exported from Cinema4D are still supported.

Registering precompiled user dll's ...
Registered in 0.005962 seconds.
Begin MonoManager ReloadAssembly
Native extension for WindowsStandalone target not found
Refreshing native plugins compatible for Editor in 1.71 ms, found 6 plugins.
Preloading 1 native plugins for Editor in 0.08 ms.
Mono: successfully reloaded assembly
- Completed reload, in  1.112 seconds
Platform modules already initialized, skipping
Shader 'Oculus/OVRMRCameraFrameLit': fallback shader 'Alpha-Diffuse' not found
Refreshing native plugins compatible for Editor in 0.86 ms, found 6 plugins.
Preloading 1 native plugins for Editor in 0.05 ms.
Unloading 1989 Unused Serialized files (Serialized files now loaded: 0)
System memory in use before: 102.1 MB.
System memory in use after: 102.2 MB.

Unloading 39 unused Assets to reduce memory usage. Loaded Objects now: 2518.
Total: 2.764500 ms (FindLiveObjects: 0.246900 ms CreateObjectMapping: 0.095000 ms MarkObjects: 2.338300 ms  DeleteObjects: 0.082800 ms)

AssetImportParameters requested are different than current active one (requested -> active):
  custom:framework-win-MediaFoundation: 216162199b28c13a410421893ffa2e32 -> 
  custom:video-decoder-ogg-theora: a1e56fd34408186e4bbccfd4996cb3dc -> 
  custom:container-muxer-webm: aa71ff27fc2769a1b78a27578f13a17b -> 
  custom:container-demuxer-webm: 4f35f7cbe854078d1ac9338744f61a02 -> 
  custom:container-demuxer-ogg: 62fdf1f143b41e24485cea50d1cbac27 -> 
  custom:video-encoder-webm-vp8: eb34c28f22e8b96e1ab97ce403110664 -> 
  custom:video-codec-MediaFoundation-h265: 746d11721c4dcdbdad8f713fa42b33f4 -> 
  custom:video-decoder-webm-vp8: 9c59270c3fd7afecdb556c50c9e8de78 -> 
  custom:audio-decoder-ogg-vorbis: bf7c407c2cedff20999df2af8eb42d56 -> 
  custom:audio-encoder-webm-vorbis: bf7c407c2cedff20999df2af8eb42d56 -> 
========================================================================
Received Prepare
Assets/models/nut_and_bolt/Bolt and Nut.c4d: Unity no longer supports importing Cinema 4D files directly, but we're working with Maxon to make the experience better. To import Cinema 4D files, install Maxon's external importer. You can find more information on the Unity Forum: https://on.unity.com/c4d.

Please note that FBX files exported from Cinema4D are still supported.

Assets/models/screwdriver/Screwdriver.c4d: Unity no longer supports importing Cinema 4D files directly, but we're working with Maxon to make the experience better. To import Cinema 4D files, install Maxon's external importer. You can find more information on the Unity Forum: https://on.unity.com/c4d.

Please note that FBX files exported from Cinema4D are still supported.

Registering precompiled user dll's ...
Registered in 0.005866 seconds.
Begin MonoManager ReloadAssembly
Native extension for WindowsStandalone target not found
Refreshing native plugins compatible for Editor in 0.91 ms, found 6 plugins.
Preloading 1 native plugins for Editor in 0.07 ms.
Mono: successfully reloaded assembly
- Completed reload, in  1.451 seconds
Platform modules already initialized, skipping
Shader 'Oculus/OVRMRCameraFrameLit': fallback shader 'Alpha-Diffuse' not found
Refreshing native plugins compatible for Editor in 1.28 ms, found 6 plugins.
Preloading 1 native plugins for Editor in 0.07 ms.
Unloading 1989 Unused Serialized files (Serialized files now loaded: 0)
System memory in use before: 102.2 MB.
System memory in use after: 102.2 MB.

Unloading 39 unused Assets to reduce memory usage. Loaded Objects now: 2522.
Total: 2.520000 ms (FindLiveObjects: 0.259700 ms CreateObjectMapping: 0.056700 ms MarkObjects: 2.114700 ms  DeleteObjects: 0.086700 ms)

AssetImportParameters requested are different than current active one (requested -> active):
  custom:framework-win-MediaFoundation: 216162199b28c13a410421893ffa2e32 -> 
  custom:video-decoder-ogg-theora: a1e56fd34408186e4bbccfd4996cb3dc -> 
  custom:container-muxer-webm: aa71ff27fc2769a1b78a27578f13a17b -> 
  custom:container-demuxer-webm: 4f35f7cbe854078d1ac9338744f61a02 -> 
  custom:container-demuxer-ogg: 62fdf1f143b41e24485cea50d1cbac27 -> 
  custom:video-encoder-webm-vp8: eb34c28f22e8b96e1ab97ce403110664 -> 
  custom:video-codec-MediaFoundation-h265: 746d11721c4dcdbdad8f713fa42b33f4 -> 
  custom:video-decoder-webm-vp8: 9c59270c3fd7afecdb556c50c9e8de78 -> 
  custom:audio-decoder-ogg-vorbis: bf7c407c2cedff20999df2af8eb42d56 -> 
  custom:audio-encoder-webm-vorbis: bf7c407c2cedff20999df2af8eb42d56 -> 
AssetImportWorkerClient::OnTransportError - code=2 error=End of file
